{"level":"error","message":"Deposit creation failed: Request failed with status code 401","timestamp":"2025-11-11T16:10:57.433Z"}
{"level":"error","message":"Deposit failed: Request failed with status code 401","timestamp":"2025-11-11T16:10:57.435Z"}
{"level":"error","message":"Deposit creation failed: Request failed with status code 401","timestamp":"2025-11-11T16:12:41.640Z"}
{"level":"error","message":"Deposit failed: Request failed with status code 401","timestamp":"2025-11-11T16:12:41.643Z"}
{"level":"error","message":"Deposit creation failed: Request failed with status code 401","timestamp":"2025-11-11T16:13:54.664Z"}
{"level":"error","message":"Deposit failed: Request failed with status code 401","timestamp":"2025-11-11T16:13:54.666Z"}
{"level":"error","message":"Deposit creation failed: Request failed with status code 401","timestamp":"2025-11-11T16:14:15.558Z"}
{"level":"error","message":"Deposit failed: Request failed with status code 401","timestamp":"2025-11-11T16:14:15.561Z"}
{"level":"error","message":"Deposit creation failed: Request failed with status code 401","timestamp":"2025-11-11T16:16:38.627Z"}
{"level":"error","message":"Deposit failed: Request failed with status code 401","timestamp":"2025-11-11T16:16:38.628Z"}
{"level":"error","message":"Deposit creation failed: Request failed with status code 401","timestamp":"2025-11-11T16:21:59.750Z"}
{"level":"error","message":"Deposit failed: Request failed with status code 401","timestamp":"2025-11-11T16:21:59.751Z"}
{"level":"error","message":"Deposit creation failed: Request failed with status code 401","timestamp":"2025-11-11T16:23:13.348Z"}
{"level":"error","message":"Deposit failed: Request failed with status code 401","timestamp":"2025-11-11T16:23:13.350Z"}
{"level":"error","message":"Deposit creation failed: Request failed with status code 401","timestamp":"2025-11-11T16:25:09.022Z"}
{"level":"error","message":"Deposit failed: Request failed with status code 401","timestamp":"2025-11-11T16:25:09.024Z"}
{"level":"error","message":"Deposit creation failed: Request failed with status code 401","timestamp":"2025-11-11T16:25:46.359Z"}
{"level":"error","message":"Deposit failed: Request failed with status code 401","timestamp":"2025-11-11T16:25:46.361Z"}
{"level":"error","message":"Deposit creation failed: Request failed with status code 401","timestamp":"2025-11-11T16:25:49.108Z"}
{"level":"error","message":"Deposit failed: Request failed with status code 401","timestamp":"2025-11-11T16:25:49.109Z"}
{"level":"info","message":"Deposit created successfully: 485ed7e8-87a1-4921-878c-f46ac97684b1","timestamp":"2025-11-11T17:39:37.359Z"}
{"level":"info","message":"Deposit processed successfully for order: ORD-102","timestamp":"2025-11-11T17:39:37.362Z"}
{"level":"info","message":"Deposit created successfully: 87ab52c9-a6f6-4143-889a-d1b29059742e","timestamp":"2025-11-11T17:53:40.356Z"}
{"level":"info","message":"Deposit processed successfully for order: ORD-102","timestamp":"2025-11-11T17:53:40.356Z"}
{"level":"info","message":"Deposit created successfully: af599ab8-436f-4f57-9580-98d494705144","timestamp":"2025-11-11T17:53:53.609Z"}
{"level":"info","message":"Deposit processed successfully for order: ORD-102","timestamp":"2025-11-11T17:53:53.610Z"}
{"level":"info","message":"Deposit created successfully: a664498e-242e-41b6-bf86-4509b47b89da","timestamp":"2025-11-11T17:54:13.902Z"}
{"level":"info","message":"Deposit processed successfully for order: ORD-102","timestamp":"2025-11-11T17:54:13.903Z"}
{"level":"info","message":"Deposit created successfully: 94274dfc-a95f-48ff-b713-83dd5fd239cd","timestamp":"2025-11-11T17:55:41.259Z"}
{"level":"info","message":"Deposit processed successfully for order: ORD-102","timestamp":"2025-11-11T17:55:41.261Z"}
{"level":"info","message":"Deposit created successfully: a285c48b-4944-4840-a75a-add5490d4fba","timestamp":"2025-11-11T17:56:06.086Z"}
{"level":"info","message":"Deposit processed successfully for order: ORD102","timestamp":"2025-11-11T17:56:06.087Z"}
{"level":"error","message":"Predicting Correspondent Failed: PawaPayController.predictCorrespondent is not a function","timestamp":"2025-11-11T18:08:28.128Z"}
{"level":"error","message":"Predicting Correspondent Failed: PawaPayController.predictCorrespondent is not a function","timestamp":"2025-11-11T18:08:31.742Z"}
{"level":"error","message":"Predicting Correspondent Failed: PawaPayController.predictCorrespondent is not a function","timestamp":"2025-11-11T18:08:39.021Z"}
{"level":"error","message":"Predicting Correspondent Failed: PawaPayController.predictCorrespondent is not a function","timestamp":"2025-11-11T18:08:47.000Z"}
{"level":"error","message":"Predicting Correspondent Failed: PawaPayController.predictCorrespondent is not a function","timestamp":"2025-11-11T18:08:56.072Z"}
{"level":"error","message":"Predicting Correspondent Failed: PawaPayController.predictCorrespondent is not a function","timestamp":"2025-11-11T18:09:08.620Z"}
{"level":"error","message":"Predicting Correspondent Failed: PawaPayController.predictCorrespondent is not a function","timestamp":"2025-11-11T18:10:17.689Z"}
{"level":"error","message":"Predicting Correspondent Failed: logger.logger is not a function","timestamp":"2025-11-11T18:11:45.888Z"}
{"level":"error","message":"Predicting Correspondent Failed: Cannot create property 'Symbol(level)' on string 'Predicting Correspondent Failed: Invalid phone number format'","timestamp":"2025-11-11T18:12:05.230Z"}
{"level":"error","message":"Predicting Correspondent Failed: Cannot create property 'Symbol(level)' on string 'Predicting Correspondent Failed: Invalid phone number format'","timestamp":"2025-11-11T18:14:09.170Z"}
{"level":"error","message":"Predicting Correspondent Failed: Cannot create property 'Symbol(level)' on string 'Predicting Correspondent Failed:undefined Invalid phone number format'","timestamp":"2025-11-11T18:15:42.066Z"}
{"level":"error","message":"Predicting Correspondent Failed: Cannot create property 'Symbol(level)' on string 'Predicting Correspondent Failed:255683456019 Request failed with status code 500'","timestamp":"2025-11-11T18:16:24.368Z"}
{"level":"error","message":"Predicting Correspondent Failed: Cannot create property 'Symbol(level)' on string 'Predicting Correspondent Failed:255683456019 Request failed with status code 500'","timestamp":"2025-11-11T18:20:15.112Z"}
{"level":"error","message":"Predicting Correspondent Failed: Cannot create property 'Symbol(level)' on string 'Predicting Correspondent Failed:255683456019 timeout of 30000ms exceeded'","timestamp":"2025-11-11T19:44:24.589Z"}
{"level":"error","message":"Predicting Correspondent Failed: Cannot create property 'Symbol(level)' on string 'Predicting Correspondent Failed:260763456789 Request failed with status code 500'","timestamp":"2025-11-11T19:56:17.253Z"}
{"level":"error","message":"Predicting Correspondent Failed: Cannot create property 'Symbol(level)' on string 'Predicting Correspondent Failed:undefined Invalid phone number format'","timestamp":"2025-11-11T19:56:25.765Z"}
{"error":"Request failed with status code 500","level":"error","message":"Predicting Correspondent Failed","phoneNumber":"260763456789","timestamp":"2025-11-11T20:33:59.239Z"}
{"level":"error","message":"Payout creation failed: Request failed with status code 400","timestamp":"2025-11-11T21:15:15.565Z"}
{"level":"info","message":"Payout processed successfully for withdrawId: a5c32849-cc76-4e23-b2a8-d303e77a60ec","timestamp":"2025-11-11T21:15:15.567Z"}
{"level":"error","message":"Payout creation failed: Request failed with status code 400","timestamp":"2025-11-11T21:16:09.106Z"}
{"level":"info","message":"Payout processed successfully for withdrawId: 723e4973-2a4d-477e-aed5-1d8315e6edb7","timestamp":"2025-11-11T21:16:09.109Z"}
{"level":"error","message":"Payout creation failed: Request failed with status code 400","timestamp":"2025-11-11T21:16:55.537Z"}
{"level":"info","message":"Payout processed successfully for withdrawId: 5ff30d97-4b4c-46bc-9367-c8f42c289e4a","timestamp":"2025-11-11T21:16:55.540Z"}
{"level":"error","message":"Payout creation failed: Request failed with status code 400","timestamp":"2025-11-11T21:18:14.653Z"}
{"level":"error","message":"Payout failed: Error: Request failed with status code 400","timestamp":"2025-11-11T21:18:14.655Z"}
{"level":"error","message":"Payout creation failed: HTTP error! Status: 500, Details: {\"failureReason\":{\"failureCode\":\"UNKNOWN_ERROR\",\"failureMessage\":\"Unable to process request due to an unknown problem.\"}}","timestamp":"2025-11-11T21:21:07.616Z"}
{"level":"info","message":"Payout processed successfully for withdrawId: aae86cdb-1fd2-4320-84f4-254f2a2ae516","timestamp":"2025-11-11T21:21:07.618Z"}
{"level":"info","message":"Payout created successfully: f4b3d232-361b-443d-b113-a78384a88630","timestamp":"2025-11-11T21:26:52.726Z"}
{"level":"error","message":"Deposit creation failed: HTTP error! Status: 400, Details: {\"errorId\":\"eadc3f36-4574-4d84-be45-3391dce3ca1d\",\"errorCode\":1,\"errorMessage\":\"Invalid input: Missing required creator property 'payer' (index 5)\\n at [Source: (org.springframework.util.StreamUtils$NonClosingInputStream); line: 1, column: 417] (through reference chain: api.rest.deposit.dto.in.DepositCreationRequestDto[\\\"payer\\\"])\"}","timestamp":"2025-11-11T21:26:53.295Z"}
{"level":"info","message":"Transaction status checked: f4b3d232-361b-443d-b113-a78384a88630","timestamp":"2025-11-11T21:26:53.517Z"}
{"level":"info","message":"Payout created successfully: 56719f27-6235-4fe7-928b-800fef17e7e7","timestamp":"2025-11-11T21:30:47.003Z"}
{"level":"info","message":"Deposit created successfully: f047339e-14d3-4133-874e-b8280001f78b","timestamp":"2025-11-11T21:30:47.610Z"}
{"level":"info","message":"Transaction status checked: 56719f27-6235-4fe7-928b-800fef17e7e7","timestamp":"2025-11-11T21:30:47.826Z"}
{"level":"info","message":"Refund created successfully: c77dc337-f6da-4098-8b74-e42b80000137","timestamp":"2025-11-11T21:30:48.072Z"}
{"level":"info","message":"Payout created successfully: a9dc33ed-92b9-42fe-85e8-c057d6cf9989","timestamp":"2025-11-11T21:32:38.665Z"}
{"level":"info","message":"Payout processed successfully for withdrawId: 43d17686-f118-4fb7-b59c-518abe6ffb79","timestamp":"2025-11-11T21:32:38.668Z"}
{"level":"info","message":"Transaction status checked: a9dc33ed-92b9-42fe-85e8-c057d6cf9989","timestamp":"2025-11-11T21:38:21.877Z"}
{"level":"info","message":"Status checked for transaction: a9dc33ed-92b9-42fe-85e8-c057d6cf9989","timestamp":"2025-11-11T21:38:21.878Z"}
{"level":"info","message":"Transaction status checked: a9dc33ed-92b9-42fe-85e8-c057d6cf9989","timestamp":"2025-11-11T21:38:29.542Z"}
{"level":"info","message":"Status checked for transaction: a9dc33ed-92b9-42fe-85e8-c057d6cf9989","timestamp":"2025-11-11T21:38:29.543Z"}
{"level":"info","message":"Deposit created successfully: 4c5146b4-8e20-452f-9cb8-d8266a55e6b3","timestamp":"2025-11-12T15:02:48.412Z"}
{"level":"info","message":"Deposit processed successfully for order: ORD102","timestamp":"2025-11-12T15:02:48.414Z"}
{"level":"info","message":"Transaction status checked: 4c5146b4-8e20-452f-9cb8-d8266a55e6b3","timestamp":"2025-11-12T15:03:19.791Z"}
{"level":"info","message":"Status checked for transaction: 4c5146b4-8e20-452f-9cb8-d8266a55e6b3","timestamp":"2025-11-12T15:03:19.792Z"}
{"level":"info","message":"Payout created successfully: 5d822290-19f7-44d6-9572-31ecc51866f2","timestamp":"2025-11-12T15:03:42.692Z"}
{"level":"info","message":"Payout processed successfully for withdrawId: 44e48ada-df5b-45a6-b688-2f2e228a165c","timestamp":"2025-11-12T15:03:42.693Z"}
{"level":"info","message":"Deposit Callback","timestamp":"2025-11-15T15:16:13.958Z"}
{"level":"info","message":"Deposit Callback","timestamp":"2025-11-15T15:20:56.153Z"}
{"level":"info","message":"Deposit created successfully: 28f7807a-f9cb-48f6-aa54-ba2d04c79969","timestamp":"2025-11-15T15:54:13.131Z"}
{"level":"info","message":"Deposit processed successfully for order: ORD102","timestamp":"2025-11-15T15:54:13.132Z"}
{"level":"info","message":"Payout created successfully: 7dbabc9b-8cff-48c6-92f3-5296ad2ee44c","timestamp":"2025-11-17T12:02:49.274Z"}
{"level":"info","message":"Payout processed successfully for withdrawId: 6542408d-7e8f-41b3-9c34-21b035a6443b","timestamp":"2025-11-17T12:02:49.277Z"}
{"level":"info","message":"Deposit created successfully: bccccb09-a734-4706-b3fd-b958270f5e43","timestamp":"2025-11-17T12:25:27.633Z"}
{"level":"info","message":"Wallet top-up initiated | User: 690a11e8c10e66a15ca6d574 | Order: TOPUP-690a11e8c10e66a15ca6d574-1763382327096-c6e4c231 | Amount: 5000","timestamp":"2025-11-17T12:25:27.636Z"}
{"level":"info","message":"Deposit created successfully: 991c6821-16a9-4a1c-8058-5f123331ccaa","timestamp":"2025-11-17T12:48:24.907Z"}
{"level":"info","message":"Wallet top-up initiated | User: 690a11e8c10e66a15ca6d574 | Order: TOPUP-690a11e8c10e66a15ca6d574-1763383704353-65a03beb | Amount: 1400","timestamp":"2025-11-17T12:48:24.907Z"}
{"level":"info","message":"Deposit created successfully: cf4bf6f2-5fc0-40c6-ab02-928b3aeb01be","timestamp":"2025-11-17T12:48:56.675Z"}
{"level":"info","message":"Wallet top-up initiated | User: 690a11e8c10e66a15ca6d574 | Order: TOPUP-690a11e8c10e66a15ca6d574-1763383736235-804a7ffe | Amount: 100","timestamp":"2025-11-17T12:48:56.675Z"}
{"level":"info","message":"Deposit created successfully: e1d2c115-1443-4b3c-a489-60820ca121c3","timestamp":"2025-11-17T12:50:37.873Z"}
{"level":"info","message":"Wallet top-up initiated | User: 690a11e8c10e66a15ca6d574 | Order: TOPUP-690a11e8c10e66a15ca6d574-1763383837328-39c00b68 | Amount: 100","timestamp":"2025-11-17T12:50:37.873Z"}
{"level":"info","message":"Deposit created successfully: dd623b66-4c33-4176-b833-4606c4736e51","timestamp":"2025-11-17T12:51:01.933Z"}
{"level":"info","message":"Wallet top-up initiated | User: 690a11e8c10e66a15ca6d574 | Order: TOPUP-690a11e8c10e66a15ca6d574-1763383861485-4e720ff0 | Amount: 100","timestamp":"2025-11-17T12:51:01.934Z"}
{"level":"info","message":"Deposit created successfully: 6bf98768-109b-4206-a047-382c83055035","timestamp":"2025-11-17T12:51:56.621Z"}
{"level":"info","message":"Wallet top-up initiated | User: 690a11e8c10e66a15ca6d574 | Order: TOPUP-690a11e8c10e66a15ca6d574-1763383916096-e97bb056 | Amount: 100","timestamp":"2025-11-17T12:51:56.621Z"}
{"level":"info","message":"Deposit created successfully: 84ae59c1-7864-489b-b334-e77b56ab0ff9","timestamp":"2025-11-17T12:56:22.546Z"}
{"level":"info","message":"Wallet top-up initiated | User: 690a11e8c10e66a15ca6d574 | Order: TOPUP-690a11e8c10e66a15ca6d574-1763384181858-84083c83 | Amount: 100","timestamp":"2025-11-17T12:56:22.548Z"}
{"level":"error","message":"Get wallet failed: Schema hasn't been registered for model \"JobRequest\".\nUse mongoose.model(name, schema)","timestamp":"2025-11-17T12:56:25.935Z"}
{"level":"error","message":"Get wallet failed: Schema hasn't been registered for model \"JobRequest\".\nUse mongoose.model(name, schema)","timestamp":"2025-11-17T12:56:46.183Z"}
{"level":"error","message":"Deposit creation failed: HTTP error! Status: 400, Details: {\"errorId\":\"fb4c622a-47a4-4987-a04e-4921d0e9e373\",\"errorCode\":1,\"errorMessage\":\"Invalid input: Missing required creator property 'fieldValue' (index 1)\\n at [Source: (org.springframework.util.StreamUtils$NonClosingInputStream); line: 1, column: 318] (through reference chain: api.rest.deposit.dto.in.DepositCreationRequestDto[\\\"metadata\\\"]->java.util.ArrayList[0]->api.rest.deposit.dto.inout.DepositCreationTransactionMetadataDto[\\\"fieldValue\\\"])\"}","timestamp":"2025-11-17T13:00:35.378Z"}
{"level":"info","message":"Deposit processed successfully for order: () => {\n  const ts = Date.now().toString(36);  \n  const rnd = Math.random().toString(36).substring(2, 8);\n  return `ORD-${ts}-${rnd}`.toUpperCase();\n}","timestamp":"2025-11-17T13:00:35.378Z"}
{"level":"error","message":"Deposit creation failed: HTTP error! Status: 400, Details: {\"errorId\":\"0935ea50-8166-4b93-be46-78624eb016dd\",\"errorCode\":1,\"errorMessage\":\"Invalid input: Missing required creator property 'fieldValue' (index 1)\\n at [Source: (org.springframework.util.StreamUtils$NonClosingInputStream); line: 1, column: 318] (through reference chain: api.rest.deposit.dto.in.DepositCreationRequestDto[\\\"metadata\\\"]->java.util.ArrayList[0]->api.rest.deposit.dto.inout.DepositCreationTransactionMetadataDto[\\\"fieldValue\\\"])\"}","timestamp":"2025-11-17T13:02:44.985Z"}
{"level":"info","message":"Deposit processed successfully for order: () => {\n  const ts = Date.now().toString(36);  \n  const rnd = Math.random().toString(36).substring(2, 8);\n  return `ORD-${ts}-${rnd}`.toUpperCase();\n}","timestamp":"2025-11-17T13:02:44.988Z"}
{"level":"error","message":"Deposit creation failed: HTTP error! Status: 400, Details: {\"errorId\":\"578ee64d-ac7f-48dc-95bc-cc7fdcf33900\",\"errorCode\":1,\"errorMessage\":\"Invalid input: Missing required creator property 'fieldValue' (index 1)\\n at [Source: (org.springframework.util.StreamUtils$NonClosingInputStream); line: 1, column: 318] (through reference chain: api.rest.deposit.dto.in.DepositCreationRequestDto[\\\"metadata\\\"]->java.util.ArrayList[0]->api.rest.deposit.dto.inout.DepositCreationTransactionMetadataDto[\\\"fieldValue\\\"])\"}","timestamp":"2025-11-17T13:03:42.399Z"}
{"level":"info","message":"Deposit processed successfully for order: () => {\n  return \"ORD-\" + crypto.randomUUID();\n}","timestamp":"2025-11-17T13:03:42.401Z"}
{"level":"info","message":"Deposit created successfully: fd67b43d-65b0-4fb6-82e6-0fcebf2cd28e","timestamp":"2025-11-17T13:06:48.973Z"}
{"level":"info","message":"Deposit processed successfully for order: () => {\n  return \"ORD-\" + crypto.randomUUID();\n}","timestamp":"2025-11-17T13:06:48.975Z"}
{"level":"info","message":"Deposit created successfully: b8577068-c097-49fd-8e01-952920a633c2","timestamp":"2025-11-17T13:08:01.026Z"}
{"level":"info","message":"Wallet top-up initiated | User: 690a11e8c10e66a15ca6d574 | Order: TOPUP-690a11e8c10e66a15ca6d574-1763384880543-6626aad1 | Amount: 100","timestamp":"2025-11-17T13:08:01.027Z"}
{"level":"info","message":"Deposit created successfully: 25cfe553-932f-42c8-b083-fc3018ddd9fa","timestamp":"2025-11-17T13:10:32.531Z"}
{"level":"info","message":"Deposit processed successfully for order: () => {\n  return \"ORD-\" + crypto.randomUUID();\n}","timestamp":"2025-11-17T13:10:32.531Z"}
{"level":"info","message":"Deposit created successfully: 4523693a-91a1-4420-9329-1513a8abf2b4","timestamp":"2025-11-17T13:22:04.780Z"}
{"level":"error","message":"Deposit failed: WalletService is not defined","timestamp":"2025-11-17T13:22:04.783Z"}
{"level":"info","message":"Deposit created successfully: e4197474-8e99-4c14-a58f-b9742fd75836","timestamp":"2025-11-17T13:23:26.983Z"}
{"level":"info","message":"Deposit created successfully: 4801b1c7-ef80-40d0-a1b4-dfb5da7317cf","timestamp":"2025-11-17T13:36:38.119Z"}
{"level":"info","message":"Deposit created successfully: 8c6eb2f6-1ef0-4660-91af-5a3006e31d81","timestamp":"2025-11-17T13:38:05.228Z"}
{"level":"info","message":"TEST DEPOSIT SUCCESS: User 690a11e8c10e66a15ca6d574 +100 PKR","timestamp":"2025-11-17T13:38:05.478Z"}
{"level":"info","message":"Deposit created successfully: e139e17b-ff05-4395-a018-9708721a4cf1","timestamp":"2025-11-17T13:39:57.314Z"}
{"level":"info","message":"TEST DEPOSIT SUCCESS: User 690a11e8c10e66a15ca6d574 +4422 PKR","timestamp":"2025-11-17T13:39:57.560Z"}
{"level":"info","message":"Payout created successfully: 3e3d749b-c29f-408d-a31d-4d562fdd2b3f","timestamp":"2025-11-17T13:40:43.869Z"}
{"level":"info","message":"Payout created successfully: 31fad312-b69e-4cfa-b61d-2c7960ee690c","timestamp":"2025-11-17T13:41:15.521Z"}
{"level":"info","message":"Payout created successfully: f6034be7-f59d-4e9c-ba0c-46fa4da446b0","timestamp":"2025-11-17T13:41:27.447Z"}
{"level":"info","message":"Payout created successfully: ebe1ef47-fb76-40fa-aee0-4d7b38d13ead","timestamp":"2025-11-17T13:42:27.896Z"}
{"level":"info","message":"TEST WITHDRAWAL SUCCESS: User 690a11e8c10e66a15ca6d574 -4000 PKR","timestamp":"2025-11-17T13:42:28.027Z"}
